# JRE version: OpenJDK Runtime Environment Temurin-21.0.10+7 (21.0.10+7) (build 21.0.10+7-LTS)
# Java VM: OpenJDK 64-Bit Server VM Temurin-21.0.10+7 (21.0.10+7-LTS, mixed mode, sharing, tiered, compressed oops, compressed class ptrs, parallel gc, windows-amd64)
GC Precious Log:
 CardTable entry size: 512
 CPUs: 8 total, 8 available
 Memory: 8025M
 Large Page Support: Disabled
 NUMA Support: Disabled
 Compressed Oops: Enabled (32-bit)
 Alignments: Space 512K, Generation 512K, Heap 2M
 Heap Min Capacity: 100M
 Heap Initial Capacity: 100M
 Heap Max Capacity: 2G
 Pre-touch: Disabled
 Parallel Workers: 8
Heap:
 PSYoungGen      total 5120K, used 2408K [0x00000000d5580000, 0x00000000d5c00000, 0x0000000100000000)
  eden space 4608K, 46% used [0x00000000d5580000,0x00000000d579a180,0x00000000d5a00000)
  from space 512K, 50% used [0x00000000d5b80000,0x00000000d5bc0000,0x00000000d5c00000)
  to   space 1024K, 0% used [0x00000000d5a00000,0x00000000d5a00000,0x00000000d5b00000)
 ParOldGen       total 349696K, used 349228K [0x0000000080000000, 0x0000000095580000, 0x00000000d5580000)
  object space 349696K, 99% used [0x0000000080000000,0x000000009550b180,0x0000000095580000)
 Metaspace       used 78373K, committed 80064K, reserved 1179648K
  class space    used 7924K, committed 8640K, reserved 1048576K
GC Heap History (20 events):
Event: 596.650 GC heap before
{Heap before GC invocations=737 (full 4):
 PSYoungGen      total 5632K, used 4866K [0x00000000d5580000, 0x00000000d5d80000, 0x0000000100000000)
  eden space 5120K, 85% used [0x00000000d5580000,0x00000000d59c3770,0x00000000d5a80000)
  from space 512K, 97% used [0x00000000d5d00000,0x00000000d5d7d220,0x00000000d5d80000)
  to   space 1024K, 0% used [0x00000000d5b80000,0x00000000d5b80000,0x00000000d5c80000)
 ParOldGen       total 344064K, used 343556K [0x0000000080000000, 0x0000000095000000, 0x00000000d5580000)
  object space 344064K, 99% used [0x0000000080000000,0x0000000094f81398,0x0000000095000000)
 Metaspace       used 77867K, committed 79552K, reserved 1179648K
  class space    used 7871K, committed 8640K, reserved 1048576K
}
Event: 596.652 GC heap after
{Heap after GC invocations=737 (full 4):
 PSYoungGen      total 6144K, used 456K [0x00000000d5580000, 0x00000000d5d80000, 0x0000000100000000)
  eden space 5120K, 0% used [0x00000000d5580000,0x00000000d5580000,0x00000000d5a80000)
  from space 1024K, 44% used [0x00000000d5b80000,0x00000000d5bf22a0,0x00000000d5c80000)
  to   space 1024K, 0% used [0x00000000d5c80000,0x00000000d5c80000,0x00000000d5d80000)
 ParOldGen       total 344064K, used 343961K [0x0000000080000000, 0x0000000095000000, 0x00000000d5580000)
  object space 344064K, 99% used [0x0000000080000000,0x0000000094fe65b8,0x0000000095000000)
 Metaspace       used 77867K, committed 79552K, reserved 1179648K
  class space    used 7871K, committed 8640K, reserved 1048576K
}
Event: 600.312 GC heap before
{Heap before GC invocations=738 (full 4):
 PSYoungGen      total 6144K, used 5518K [0x00000000d5580000, 0x00000000d5d80000, 0x0000000100000000)
  eden space 5120K, 98% used [0x00000000d5580000,0x00000000d5a71828,0x00000000d5a80000)
  from space 1024K, 44% used [0x00000000d5b80000,0x00000000d5bf22a0,0x00000000d5c80000)
  to   space 1024K, 0% used [0x00000000d5c80000,0x00000000d5c80000,0x00000000d5d80000)
 ParOldGen       total 344064K, used 343961K [0x0000000080000000, 0x0000000095000000, 0x00000000d5580000)
  object space 344064K, 99% used [0x0000000080000000,0x0000000094fe65b8,0x0000000095000000)
 Metaspace       used 77871K, committed 79552K, reserved 1179648K
  class space    used 7871K, committed 8640K, reserved 1048576K
}
Event: 600.316 GC heap after
{Heap after GC invocations=738 (full 4):
 PSYoungGen      total 5632K, used 995K [0x00000000d5580000, 0x00000000d5f80000, 0x0000000100000000)
  eden space 4608K, 0% used [0x00000000d5580000,0x00000000d5580000,0x00000000d5a00000)
  from space 1024K, 97% used [0x00000000d5c80000,0x00000000d5d78c40,0x00000000d5d80000)
  to   space 2560K, 0% used [0x00000000d5a00000,0x00000000d5a00000,0x00000000d5c80000)
 ParOldGen       total 345600K, used 345051K [0x0000000080000000, 0x0000000095180000, 0x00000000d5580000)
  object space 345600K, 99% used [0x0000000080000000,0x00000000950f6e88,0x0000000095180000)
 Metaspace       used 77871K, committed 79552K, reserved 1179648K
  class space    used 7871K, committed 8640K, reserved 1048576K
}
Event: 600.778 GC heap before
{Heap before GC invocations=739 (full 4):
 PSYoungGen      total 5632K, used 5603K [0x00000000d5580000, 0x00000000d5f80000, 0x0000000100000000)
  eden space 4608K, 100% used [0x00000000d5580000,0x00000000d5a00000,0x00000000d5a00000)
  from space 1024K, 97% used [0x00000000d5c80000,0x00000000d5d78c40,0x00000000d5d80000)
  to   space 2560K, 0% used [0x00000000d5a00000,0x00000000d5a00000,0x00000000d5c80000)
 ParOldGen       total 345600K, used 345051K [0x0000000080000000, 0x0000000095180000, 0x00000000d5580000)
  object space 345600K, 99% used [0x0000000080000000,0x00000000950f6e88,0x0000000095180000)
 Metaspace       used 77983K, committed 79616K, reserved 1179648K
  class space    used 7894K, committed 8640K, reserved 1048576K
}
Event: 600.800 GC heap after
{Heap after GC invocations=739 (full 4):
 PSYoungGen      total 6144K, used 1042K [0x00000000d5580000, 0x00000000d5d00000, 0x0000000100000000)
  eden space 4608K, 0% used [0x00000000d5580000,0x00000000d5580000,0x00000000d5a00000)
  from space 1536K, 67% used [0x00000000d5a00000,0x00000000d5b04bb0,0x00000000d5b80000)
  to   space 1536K, 0% used [0x00000000d5b80000,0x00000000d5b80000,0x00000000d5d00000)
 ParOldGen       total 346112K, used 345959K [0x0000000080000000, 0x0000000095200000, 0x00000000d5580000)
  object space 346112K, 99% used [0x0000000080000000,0x00000000951d9c50,0x0000000095200000)
 Metaspace       used 77983K, committed 79616K, reserved 1179648K
  class space    used 7894K, committed 8640K, reserved 1048576K
}
Event: 601.340 GC heap before
{Heap before GC invocations=740 (full 4):
 PSYoungGen      total 6144K, used 5650K [0x00000000d5580000, 0x00000000d5d00000, 0x0000000100000000)
  eden space 4608K, 100% used [0x00000000d5580000,0x00000000d5a00000,0x00000000d5a00000)
  from space 1536K, 67% used [0x00000000d5a00000,0x00000000d5b04bb0,0x00000000d5b80000)
  to   space 1536K, 0% used [0x00000000d5b80000,0x00000000d5b80000,0x00000000d5d00000)
 ParOldGen       total 346112K, used 345959K [0x0000000080000000, 0x0000000095200000, 0x00000000d5580000)
  object space 346112K, 99% used [0x0000000080000000,0x00000000951d9c50,0x0000000095200000)
 Metaspace       used 78017K, committed 79680K, reserved 1179648K
  class space    used 7896K, committed 8640K, reserved 1048576K
}
Event: 601.345 GC heap after
{Heap after GC invocations=740 (full 4):
 PSYoungGen      total 5632K, used 832K [0x00000000d5580000, 0x00000000d5c80000, 0x0000000100000000)
  eden space 4608K, 0% used [0x00000000d5580000,0x00000000d5580000,0x00000000d5a00000)
  from space 1024K, 81% used [0x00000000d5b80000,0x00000000d5c50000,0x00000000d5c80000)
  to   space 1024K, 0% used [0x00000000d5a80000,0x00000000d5a80000,0x00000000d5b80000)
 ParOldGen       total 346624K, used 346599K [0x0000000080000000, 0x0000000095280000, 0x00000000d5580000)
  object space 346624K, 99% used [0x0000000080000000,0x0000000095279c60,0x0000000095280000)
 Metaspace       used 78017K, committed 79680K, reserved 1179648K
  class space    used 7896K, committed 8640K, reserved 1048576K
}
Event: 604.471 GC heap before
{Heap before GC invocations=741 (full 4):
 PSYoungGen      total 5632K, used 5440K [0x00000000d5580000, 0x00000000d5c80000, 0x0000000100000000)
  eden space 4608K, 100% used [0x00000000d5580000,0x00000000d5a00000,0x00000000d5a00000)
  from space 1024K, 81% used [0x00000000d5b80000,0x00000000d5c50000,0x00000000d5c80000)
  to   space 1024K, 0% used [0x00000000d5a80000,0x00000000d5a80000,0x00000000d5b80000)
 ParOldGen       total 346624K, used 346599K [0x0000000080000000, 0x0000000095280000, 0x00000000d5580000)
  object space 346624K, 99% used [0x0000000080000000,0x0000000095279c60,0x0000000095280000)
 Metaspace       used 78085K, committed 79808K, reserved 1179648K
  class space    used 7901K, committed 8640K, reserved 1048576K
}
Event: 604.475 GC heap after
{Heap after GC invocations=741 (full 4):
 PSYoungGen      total 5632K, used 256K [0x00000000d5580000, 0x00000000d5c00000, 0x0000000100000000)
  eden space 4608K, 0% used [0x00000000d5580000,0x00000000d5580000,0x00000000d5a00000)
  from space 1024K, 25% used [0x00000000d5a80000,0x00000000d5ac0000,0x00000000d5b80000)
  to   space 512K, 0% used [0x00000000d5b80000,0x00000000d5b80000,0x00000000d5c00000)
 ParOldGen       total 347648K, used 347385K [0x0000000080000000, 0x0000000095380000, 0x00000000d5580000)
  object space 347648K, 99% used [0x0000000080000000,0x000000009533e708,0x0000000095380000)
 Metaspace       used 78085K, committed 79808K, reserved 1179648K
  class space    used 7901K, committed 8640K, reserved 1048576K
}
Event: 608.400 GC heap before
{Heap before GC invocations=742 (full 4):
 PSYoungGen      total 5632K, used 4864K [0x00000000d5580000, 0x00000000d5c00000, 0x0000000100000000)
  eden space 4608K, 100% used [0x00000000d5580000,0x00000000d5a00000,0x00000000d5a00000)
  from space 1024K, 25% used [0x00000000d5a80000,0x00000000d5ac0000,0x00000000d5b80000)
  to   space 512K, 0% used [0x00000000d5b80000,0x00000000d5b80000,0x00000000d5c00000)
 ParOldGen       total 347648K, used 347385K [0x0000000080000000, 0x0000000095380000, 0x00000000d5580000)
  object space 347648K, 99% used [0x0000000080000000,0x000000009533e708,0x0000000095380000)
 Metaspace       used 78192K, committed 79872K, reserved 1179648K
  class space    used 7918K, committed 8640K, reserved 1048576K
}
Event: 608.403 GC heap after
{Heap after GC invocations=742 (full 4):
 PSYoungGen      total 5120K, used 502K [0x00000000d5580000, 0x00000000d5c00000, 0x0000000100000000)
  eden space 4608K, 0% used [0x00000000d5580000,0x00000000d5580000,0x00000000d5a00000)
  from space 512K, 98% used [0x00000000d5b80000,0x00000000d5bfdbe0,0x00000000d5c00000)
  to   space 1024K, 0% used [0x00000000d5a00000,0x00000000d5a00000,0x00000000d5b00000)
 ParOldGen       total 347648K, used 347529K [0x0000000080000000, 0x0000000095380000, 0x00000000d5580000)
  object space 347648K, 99% used [0x0000000080000000,0x0000000095362708,0x0000000095380000)
 Metaspace       used 78192K, committed 79872K, reserved 1179648K
  class space    used 7918K, committed 8640K, reserved 1048576K
}
Event: 609.484 GC heap before
{Heap before GC invocations=743 (full 4):
 PSYoungGen      total 5120K, used 5110K [0x00000000d5580000, 0x00000000d5c00000, 0x0000000100000000)
  eden space 4608K, 100% used [0x00000000d5580000,0x00000000d5a00000,0x00000000d5a00000)
  from space 512K, 98% used [0x00000000d5b80000,0x00000000d5bfdbe0,0x00000000d5c00000)
  to   space 1024K, 0% used [0x00000000d5a00000,0x00000000d5a00000,0x00000000d5b00000)
 ParOldGen       total 347648K, used 347529K [0x0000000080000000, 0x0000000095380000, 0x00000000d5580000)
  object space 347648K, 99% used [0x0000000080000000,0x0000000095362708,0x0000000095380000)
 Metaspace       used 78215K, committed 79936K, reserved 1179648K
  class space    used 7918K, committed 8640K, reserved 1048576K
}
Event: 609.540 GC heap after
{Heap after GC invocations=743 (full 4):
 PSYoungGen      total 5632K, used 432K [0x00000000d5580000, 0x00000000d5c00000, 0x0000000100000000)
  eden space 4608K, 0% used [0x00000000d5580000,0x00000000d5580000,0x00000000d5a00000)
  from space 1024K, 42% used [0x00000000d5a00000,0x00000000d5a6c010,0x00000000d5b00000)
  to   space 512K, 0% used [0x00000000d5b80000,0x00000000d5b80000,0x00000000d5c00000)
 ParOldGen       total 348160K, used 347931K [0x0000000080000000, 0x0000000095400000, 0x00000000d5580000)
  object space 348160K, 99% used [0x0000000080000000,0x00000000953c6fa8,0x0000000095400000)
 Metaspace       used 78215K, committed 79936K, reserved 1179648K
  class space    used 7918K, committed 8640K, reserved 1048576K
}
Event: 610.024 GC heap before
{Heap before GC invocations=744 (full 4):
 PSYoungGen      total 5632K, used 5040K [0x00000000d5580000, 0x00000000d5c00000, 0x0000000100000000)
  eden space 4608K, 100% used [0x00000000d5580000,0x00000000d5a00000,0x00000000d5a00000)
  from space 1024K, 42% used [0x00000000d5a00000,0x00000000d5a6c010,0x00000000d5b00000)
  to   space 512K, 0% used [0x00000000d5b80000,0x00000000d5b80000,0x00000000d5c00000)
 ParOldGen       total 348160K, used 347931K [0x0000000080000000, 0x0000000095400000, 0x00000000d5580000)
  object space 348160K, 99% used [0x0000000080000000,0x00000000953c6fa8,0x0000000095400000)
 Metaspace       used 78249K, committed 79936K, reserved 1179648K
  class space    used 7919K, committed 8640K, reserved 1048576K
}
Event: 610.029 GC heap after
{Heap after GC invocations=744 (full 4):
 PSYoungGen      total 5120K, used 480K [0x00000000d5580000, 0x00000000d5c00000, 0x0000000100000000)
  eden space 4608K, 0% used [0x00000000d5580000,0x00000000d5580000,0x00000000d5a00000)
  from space 512K, 93% used [0x00000000d5b80000,0x00000000d5bf8000,0x00000000d5c00000)
  to   space 512K, 0% used [0x00000000d5b00000,0x00000000d5b00000,0x00000000d5b80000)
 ParOldGen       total 348672K, used 348193K [0x0000000080000000, 0x0000000095480000, 0x00000000d5580000)
  object space 348672K, 99% used [0x0000000080000000,0x00000000954087a0,0x0000000095480000)
 Metaspace       used 78249K, committed 79936K, reserved 1179648K
  class space    used 7919K, committed 8640K, reserved 1048576K
}
Event: 610.272 GC heap before
{Heap before GC invocations=745 (full 4):
 PSYoungGen      total 5120K, used 5088K [0x00000000d5580000, 0x00000000d5c00000, 0x0000000100000000)
  eden space 4608K, 100% used [0x00000000d5580000,0x00000000d5a00000,0x00000000d5a00000)
  from space 512K, 93% used [0x00000000d5b80000,0x00000000d5bf8000,0x00000000d5c00000)
  to   space 512K, 0% used [0x00000000d5b00000,0x00000000d5b00000,0x00000000d5b80000)
 ParOldGen       total 348672K, used 348193K [0x0000000080000000, 0x0000000095480000, 0x00000000d5580000)
  object space 348672K, 99% used [0x0000000080000000,0x00000000954087a0,0x0000000095480000)
 Metaspace       used 78259K, committed 79936K, reserved 1179648K
  class space    used 7919K, committed 8640K, reserved 1048576K
}
Event: 610.274 GC heap after
{Heap after GC invocations=745 (full 4):
 PSYoungGen      total 5120K, used 503K [0x00000000d5580000, 0x00000000d5d00000, 0x0000000100000000)
  eden space 4608K, 0% used [0x00000000d5580000,0x00000000d5580000,0x00000000d5a00000)
  from space 512K, 98% used [0x00000000d5b00000,0x00000000d5b7dd38,0x00000000d5b80000)
  to   space 1536K, 0% used [0x00000000d5b80000,0x00000000d5b80000,0x00000000d5d00000)
 ParOldGen       total 349184K, used 348706K [0x0000000080000000, 0x0000000095500000, 0x00000000d5580000)
  object space 349184K, 99% used [0x0000000080000000,0x0000000095488b50,0x0000000095500000)
 Metaspace       used 78259K, committed 79936K, reserved 1179648K
  class space    used 7919K, committed 8640K, reserved 1048576K
}
Event: 1119.884 GC heap before
{Heap before GC invocations=746 (full 4):
 PSYoungGen      total 5120K, used 5111K [0x00000000d5580000, 0x00000000d5d00000, 0x0000000100000000)
  eden space 4608K, 100% used [0x00000000d5580000,0x00000000d5a00000,0x00000000d5a00000)
  from space 512K, 98% used [0x00000000d5b00000,0x00000000d5b7dd38,0x00000000d5b80000)
  to   space 1536K, 0% used [0x00000000d5b80000,0x00000000d5b80000,0x00000000d5d00000)
 ParOldGen       total 349184K, used 348706K [0x0000000080000000, 0x0000000095500000, 0x00000000d5580000)
  object space 349184K, 99% used [0x0000000080000000,0x0000000095488b50,0x0000000095500000)
 Metaspace       used 78340K, committed 80000K, reserved 1179648K
  class space    used 7923K, committed 8640K, reserved 1048576K
}
Event: 1120.042 GC heap after
{Heap after GC invocations=746 (full 4):
 PSYoungGen      total 5120K, used 256K [0x00000000d5580000, 0x00000000d5c00000, 0x0000000100000000)
  eden space 4608K, 0% used [0x00000000d5580000,0x00000000d5580000,0x00000000d5a00000)
  from space 512K, 50% used [0x00000000d5b80000,0x00000000d5bc0000,0x00000000d5c00000)
  to   space 1024K, 0% used [0x00000000d5a00000,0x00000000d5a00000,0x00000000d5b00000)
 ParOldGen       total 349696K, used 349228K [0x0000000080000000, 0x0000000095580000, 0x00000000d5580000)
  object space 349696K, 99% used [0x0000000080000000,0x000000009550b180,0x0000000095580000)
 Metaspace       used 78340K, committed 80000K, reserved 1179648K
  class space    used 7923K, committed 8640K, reserved 1048576K
}

