# JRE version: OpenJDK Runtime Environment Temurin-21.0.10+7 (21.0.10+7) (build 21.0.10+7-LTS)
# Java VM: OpenJDK 64-Bit Server VM Temurin-21.0.10+7 (21.0.10+7-LTS, mixed mode, sharing, tiered, compressed oops, compressed class ptrs, parallel gc, windows-amd64)
GC Precious Log:
 CardTable entry size: 512
 CPUs: 8 total, 8 available
 Memory: 8025M
 Large Page Support: Disabled
 NUMA Support: Disabled
 Compressed Oops: Enabled (32-bit)
 Alignments: Space 512K, Generation 512K, Heap 2M
 Heap Min Capacity: 100M
 Heap Initial Capacity: 100M
 Heap Max Capacity: 2G
 Pre-touch: Disabled
 Parallel Workers: 8
Heap:
 PSYoungGen      total 3072K, used 2619K [0x00000000d5580000, 0x00000000d5b80000, 0x0000000100000000)
  eden space 2560K, 82% used [0x00000000d5580000,0x00000000d5792e40,0x00000000d5800000)
  from space 512K, 96% used [0x00000000d5b00000,0x00000000d5b7c010,0x00000000d5b80000)
  to   space 1024K, 0% used [0x00000000d5980000,0x00000000d5980000,0x00000000d5a80000)
 ParOldGen       total 319488K, used 319231K [0x0000000080000000, 0x0000000093800000, 0x00000000d5580000)
  object space 319488K, 99% used [0x0000000080000000,0x00000000937bfd18,0x0000000093800000)
 Metaspace       used 72322K, committed 73920K, reserved 1179648K
  class space    used 7681K, committed 8384K, reserved 1048576K
GC Heap History (20 events):
Event: 87.345 GC heap before
{Heap before GC invocations=424 (full 3):
 PSYoungGen      total 4096K, used 3743K [0x00000000d5580000, 0x00000000d5b00000, 0x0000000100000000)
  eden space 3584K, 99% used [0x00000000d5580000,0x00000000d58ffc90,0x00000000d5900000)
  from space 512K, 31% used [0x00000000d5a80000,0x00000000d5aa8000,0x00000000d5b00000)
  to   space 512K, 0% used [0x00000000d5900000,0x00000000d5900000,0x00000000d5980000)
 ParOldGen       total 312832K, used 309833K [0x0000000080000000, 0x0000000093180000, 0x00000000d5580000)
  object space 312832K, 99% used [0x0000000080000000,0x0000000092e927d8,0x0000000093180000)
 Metaspace       used 71961K, committed 73600K, reserved 1114112K
  class space    used 7657K, committed 8384K, reserved 1048576K
}
Event: 87.347 GC heap after
{Heap after GC invocations=424 (full 3):
 PSYoungGen      total 4096K, used 480K [0x00000000d5580000, 0x00000000d5b00000, 0x0000000100000000)
  eden space 3584K, 0% used [0x00000000d5580000,0x00000000d5580000,0x00000000d5900000)
  from space 512K, 93% used [0x00000000d5900000,0x00000000d5978020,0x00000000d5980000)
  to   space 1024K, 0% used [0x00000000d5a00000,0x00000000d5a00000,0x00000000d5b00000)
 ParOldGen       total 312832K, used 309945K [0x0000000080000000, 0x0000000093180000, 0x00000000d5580000)
  object space 312832K, 99% used [0x0000000080000000,0x0000000092eae7d8,0x0000000093180000)
 Metaspace       used 71961K, committed 73600K, reserved 1114112K
  class space    used 7657K, committed 8384K, reserved 1048576K
}
Event: 87.850 GC heap before
{Heap before GC invocations=425 (full 3):
 PSYoungGen      total 4096K, used 3986K [0x00000000d5580000, 0x00000000d5b00000, 0x0000000100000000)
  eden space 3584K, 97% used [0x00000000d5580000,0x00000000d58ecb28,0x00000000d5900000)
  from space 512K, 93% used [0x00000000d5900000,0x00000000d5978020,0x00000000d5980000)
  to   space 1024K, 0% used [0x00000000d5a00000,0x00000000d5a00000,0x00000000d5b00000)
 ParOldGen       total 312832K, used 309945K [0x0000000080000000, 0x0000000093180000, 0x00000000d5580000)
  object space 312832K, 99% used [0x0000000080000000,0x0000000092eae7d8,0x0000000093180000)
 Metaspace       used 72010K, committed 73664K, reserved 1114112K
  class space    used 7665K, committed 8384K, reserved 1048576K
}
Event: 87.852 GC heap after
{Heap after GC invocations=425 (full 3):
 PSYoungGen      total 3584K, used 1010K [0x00000000d5580000, 0x00000000d5d00000, 0x0000000100000000)
  eden space 2560K, 0% used [0x00000000d5580000,0x00000000d5580000,0x00000000d5800000)
  from space 1024K, 98% used [0x00000000d5a00000,0x00000000d5afcbe0,0x00000000d5b00000)
  to   space 2048K, 0% used [0x00000000d5800000,0x00000000d5800000,0x00000000d5a00000)
 ParOldGen       total 312832K, used 310323K [0x0000000080000000, 0x0000000093180000, 0x00000000d5580000)
  object space 312832K, 99% used [0x0000000080000000,0x0000000092f0ce68,0x0000000093180000)
 Metaspace       used 72010K, committed 73664K, reserved 1114112K
  class space    used 7665K, committed 8384K, reserved 1048576K
}
Event: 88.014 GC heap before
{Heap before GC invocations=426 (full 3):
 PSYoungGen      total 3584K, used 3540K [0x00000000d5580000, 0x00000000d5d00000, 0x0000000100000000)
  eden space 2560K, 98% used [0x00000000d5580000,0x00000000d57f8578,0x00000000d5800000)
  from space 1024K, 98% used [0x00000000d5a00000,0x00000000d5afcbe0,0x00000000d5b00000)
  to   space 2048K, 0% used [0x00000000d5800000,0x00000000d5800000,0x00000000d5a00000)
 ParOldGen       total 312832K, used 310323K [0x0000000080000000, 0x0000000093180000, 0x00000000d5580000)
  object space 312832K, 99% used [0x0000000080000000,0x0000000092f0ce68,0x0000000093180000)
 Metaspace       used 72010K, committed 73664K, reserved 1114112K
  class space    used 7665K, committed 8384K, reserved 1048576K
}
Event: 88.017 GC heap after
{Heap after GC invocations=426 (full 3):
 PSYoungGen      total 4608K, used 2035K [0x00000000d5580000, 0x00000000d5f00000, 0x0000000100000000)
  eden space 2560K, 0% used [0x00000000d5580000,0x00000000d5580000,0x00000000d5800000)
  from space 2048K, 99% used [0x00000000d5800000,0x00000000d59fce80,0x00000000d5a00000)
  to   space 3584K, 0% used [0x00000000d5b80000,0x00000000d5b80000,0x00000000d5f00000)
 ParOldGen       total 312832K, used 311355K [0x0000000080000000, 0x0000000093180000, 0x00000000d5580000)
  object space 312832K, 99% used [0x0000000080000000,0x000000009300ee48,0x0000000093180000)
 Metaspace       used 72010K, committed 73664K, reserved 1114112K
  class space    used 7665K, committed 8384K, reserved 1048576K
}
Event: 88.083 GC heap before
{Heap before GC invocations=427 (full 3):
 PSYoungGen      total 4608K, used 4595K [0x00000000d5580000, 0x00000000d5f00000, 0x0000000100000000)
  eden space 2560K, 100% used [0x00000000d5580000,0x00000000d5800000,0x00000000d5800000)
  from space 2048K, 99% used [0x00000000d5800000,0x00000000d59fce80,0x00000000d5a00000)
  to   space 3584K, 0% used [0x00000000d5b80000,0x00000000d5b80000,0x00000000d5f00000)
 ParOldGen       total 312832K, used 311355K [0x0000000080000000, 0x0000000093180000, 0x00000000d5580000)
  object space 312832K, 99% used [0x0000000080000000,0x000000009300ee48,0x0000000093180000)
 Metaspace       used 72010K, committed 73664K, reserved 1114112K
  class space    used 7665K, committed 8384K, reserved 1048576K
}
Event: 88.085 GC heap after
{Heap after GC invocations=427 (full 3):
 PSYoungGen      total 5120K, used 2147K [0x00000000d5580000, 0x00000000d5e00000, 0x0000000100000000)
  eden space 2560K, 0% used [0x00000000d5580000,0x00000000d5580000,0x00000000d5800000)
  from space 2560K, 83% used [0x00000000d5b80000,0x00000000d5d98df0,0x00000000d5e00000)
  to   space 2560K, 0% used [0x00000000d5900000,0x00000000d5900000,0x00000000d5b80000)
 ParOldGen       total 313856K, used 313400K [0x0000000080000000, 0x0000000093280000, 0x00000000d5580000)
  object space 313856K, 99% used [0x0000000080000000,0x000000009320e000,0x0000000093280000)
 Metaspace       used 72010K, committed 73664K, reserved 1114112K
  class space    used 7665K, committed 8384K, reserved 1048576K
}
Event: 88.121 GC heap before
{Heap before GC invocations=428 (full 3):
 PSYoungGen      total 5120K, used 4707K [0x00000000d5580000, 0x00000000d5e00000, 0x0000000100000000)
  eden space 2560K, 100% used [0x00000000d5580000,0x00000000d5800000,0x00000000d5800000)
  from space 2560K, 83% used [0x00000000d5b80000,0x00000000d5d98df0,0x00000000d5e00000)
  to   space 2560K, 0% used [0x00000000d5900000,0x00000000d5900000,0x00000000d5b80000)
 ParOldGen       total 313856K, used 313400K [0x0000000080000000, 0x0000000093280000, 0x00000000d5580000)
  object space 313856K, 99% used [0x0000000080000000,0x000000009320e000,0x0000000093280000)
 Metaspace       used 72010K, committed 73664K, reserved 1114112K
  class space    used 7665K, committed 8384K, reserved 1048576K
}
Event: 88.124 GC heap after
{Heap after GC invocations=428 (full 3):
 PSYoungGen      total 5120K, used 2343K [0x00000000d5580000, 0x00000000d5d00000, 0x0000000100000000)
  eden space 2560K, 0% used [0x00000000d5580000,0x00000000d5580000,0x00000000d5800000)
  from space 2560K, 91% used [0x00000000d5900000,0x00000000d5b49e10,0x00000000d5b80000)
  to   space 1536K, 0% used [0x00000000d5b80000,0x00000000d5b80000,0x00000000d5d00000)
 ParOldGen       total 315904K, used 315438K [0x0000000080000000, 0x0000000093480000, 0x00000000d5580000)
  object space 315904K, 99% used [0x0000000080000000,0x000000009340ba88,0x0000000093480000)
 Metaspace       used 72010K, committed 73664K, reserved 1114112K
  class space    used 7665K, committed 8384K, reserved 1048576K
}
Event: 88.275 GC heap before
{Heap before GC invocations=429 (full 3):
 PSYoungGen      total 5120K, used 4903K [0x00000000d5580000, 0x00000000d5d00000, 0x0000000100000000)
  eden space 2560K, 100% used [0x00000000d5580000,0x00000000d5800000,0x00000000d5800000)
  from space 2560K, 91% used [0x00000000d5900000,0x00000000d5b49e10,0x00000000d5b80000)
  to   space 1536K, 0% used [0x00000000d5b80000,0x00000000d5b80000,0x00000000d5d00000)
 ParOldGen       total 315904K, used 315438K [0x0000000080000000, 0x0000000093480000, 0x00000000d5580000)
  object space 315904K, 99% used [0x0000000080000000,0x000000009340ba88,0x0000000093480000)
 Metaspace       used 72029K, committed 73664K, reserved 1114112K
  class space    used 7667K, committed 8384K, reserved 1048576K
}
Event: 88.279 GC heap after
{Heap after GC invocations=429 (full 3):
 PSYoungGen      total 3584K, used 960K [0x00000000d5580000, 0x00000000d5c80000, 0x0000000100000000)
  eden space 2560K, 0% used [0x00000000d5580000,0x00000000d5580000,0x00000000d5800000)
  from space 1024K, 93% used [0x00000000d5b80000,0x00000000d5c70000,0x00000000d5c80000)
  to   space 1536K, 0% used [0x00000000d5980000,0x00000000d5980000,0x00000000d5b00000)
 ParOldGen       total 317952K, used 317598K [0x0000000080000000, 0x0000000093680000, 0x00000000d5580000)
  object space 317952K, 99% used [0x0000000080000000,0x0000000093627a40,0x0000000093680000)
 Metaspace       used 72029K, committed 73664K, reserved 1114112K
  class space    used 7667K, committed 8384K, reserved 1048576K
}
Event: 88.701 GC heap before
{Heap before GC invocations=430 (full 3):
 PSYoungGen      total 3584K, used 3520K [0x00000000d5580000, 0x00000000d5c80000, 0x0000000100000000)
  eden space 2560K, 100% used [0x00000000d5580000,0x00000000d5800000,0x00000000d5800000)
  from space 1024K, 93% used [0x00000000d5b80000,0x00000000d5c70000,0x00000000d5c80000)
  to   space 1536K, 0% used [0x00000000d5980000,0x00000000d5980000,0x00000000d5b00000)
 ParOldGen       total 317952K, used 317598K [0x0000000080000000, 0x0000000093680000, 0x00000000d5580000)
  object space 317952K, 99% used [0x0000000080000000,0x0000000093627a40,0x0000000093680000)
 Metaspace       used 72064K, committed 73664K, reserved 1114112K
  class space    used 7667K, committed 8384K, reserved 1048576K
}
Event: 88.704 GC heap after
{Heap after GC invocations=430 (full 3):
 PSYoungGen      total 4096K, used 608K [0x00000000d5580000, 0x00000000d5c00000, 0x0000000100000000)
  eden space 2560K, 0% used [0x00000000d5580000,0x00000000d5580000,0x00000000d5800000)
  from space 1536K, 39% used [0x00000000d5980000,0x00000000d5a18000,0x00000000d5b00000)
  to   space 1024K, 0% used [0x00000000d5b00000,0x00000000d5b00000,0x00000000d5c00000)
 ParOldGen       total 318464K, used 318422K [0x0000000080000000, 0x0000000093700000, 0x00000000d5580000)
  object space 318464K, 99% used [0x0000000080000000,0x00000000936f5a40,0x0000000093700000)
 Metaspace       used 72064K, committed 73664K, reserved 1114112K
  class space    used 7667K, committed 8384K, reserved 1048576K
}
Event: 88.844 GC heap before
{Heap before GC invocations=431 (full 3):
 PSYoungGen      total 4096K, used 3168K [0x00000000d5580000, 0x00000000d5c00000, 0x0000000100000000)
  eden space 2560K, 100% used [0x00000000d5580000,0x00000000d5800000,0x00000000d5800000)
  from space 1536K, 39% used [0x00000000d5980000,0x00000000d5a18000,0x00000000d5b00000)
  to   space 1024K, 0% used [0x00000000d5b00000,0x00000000d5b00000,0x00000000d5c00000)
 ParOldGen       total 318464K, used 318422K [0x0000000080000000, 0x0000000093700000, 0x00000000d5580000)
  object space 318464K, 99% used [0x0000000080000000,0x00000000936f5a40,0x0000000093700000)
 Metaspace       used 72071K, committed 73664K, reserved 1114112K
  class space    used 7667K, committed 8384K, reserved 1048576K
}
Event: 88.846 GC heap after
{Heap after GC invocations=431 (full 3):
 PSYoungGen      total 3072K, used 256K [0x00000000d5580000, 0x00000000d5b80000, 0x0000000100000000)
  eden space 2560K, 0% used [0x00000000d5580000,0x00000000d5580000,0x00000000d5800000)
  from space 512K, 50% used [0x00000000d5b00000,0x00000000d5b40000,0x00000000d5b80000)
  to   space 512K, 0% used [0x00000000d5a80000,0x00000000d5a80000,0x00000000d5b00000)
 ParOldGen       total 318976K, used 318816K [0x0000000080000000, 0x0000000093780000, 0x00000000d5580000)
  object space 318976K, 99% used [0x0000000080000000,0x0000000093758268,0x0000000093780000)
 Metaspace       used 72071K, committed 73664K, reserved 1114112K
  class space    used 7667K, committed 8384K, reserved 1048576K
}
Event: 88.960 GC heap before
{Heap before GC invocations=432 (full 3):
 PSYoungGen      total 3072K, used 2816K [0x00000000d5580000, 0x00000000d5b80000, 0x0000000100000000)
  eden space 2560K, 100% used [0x00000000d5580000,0x00000000d5800000,0x00000000d5800000)
  from space 512K, 50% used [0x00000000d5b00000,0x00000000d5b40000,0x00000000d5b80000)
  to   space 512K, 0% used [0x00000000d5a80000,0x00000000d5a80000,0x00000000d5b00000)
 ParOldGen       total 318976K, used 318816K [0x0000000080000000, 0x0000000093780000, 0x00000000d5580000)
  object space 318976K, 99% used [0x0000000080000000,0x0000000093758268,0x0000000093780000)
 Metaspace       used 72100K, committed 73728K, reserved 1114112K
  class space    used 7667K, committed 8384K, reserved 1048576K
}
Event: 88.963 GC heap after
{Heap after GC invocations=432 (full 3):
 PSYoungGen      total 3072K, used 416K [0x00000000d5580000, 0x00000000d5b80000, 0x0000000100000000)
  eden space 2560K, 0% used [0x00000000d5580000,0x00000000d5580000,0x00000000d5800000)
  from space 512K, 81% used [0x00000000d5a80000,0x00000000d5ae8000,0x00000000d5b00000)
  to   space 512K, 0% used [0x00000000d5b00000,0x00000000d5b00000,0x00000000d5b80000)
 ParOldGen       total 318976K, used 318956K [0x0000000080000000, 0x0000000093780000, 0x00000000d5580000)
  object space 318976K, 99% used [0x0000000080000000,0x000000009377b278,0x0000000093780000)
 Metaspace       used 72100K, committed 73728K, reserved 1114112K
  class space    used 7667K, committed 8384K, reserved 1048576K
}
Event: 89.116 GC heap before
{Heap before GC invocations=433 (full 3):
 PSYoungGen      total 3072K, used 2976K [0x00000000d5580000, 0x00000000d5b80000, 0x0000000100000000)
  eden space 2560K, 100% used [0x00000000d5580000,0x00000000d5800000,0x00000000d5800000)
  from space 512K, 81% used [0x00000000d5a80000,0x00000000d5ae8000,0x00000000d5b00000)
  to   space 512K, 0% used [0x00000000d5b00000,0x00000000d5b00000,0x00000000d5b80000)
 ParOldGen       total 318976K, used 318956K [0x0000000080000000, 0x0000000093780000, 0x00000000d5580000)
  object space 318976K, 99% used [0x0000000080000000,0x000000009377b278,0x0000000093780000)
 Metaspace       used 72192K, committed 73792K, reserved 1114112K
  class space    used 7669K, committed 8384K, reserved 1048576K
}
Event: 89.118 GC heap after
{Heap after GC invocations=433 (full 3):
 PSYoungGen      total 3072K, used 496K [0x00000000d5580000, 0x00000000d5b80000, 0x0000000100000000)
  eden space 2560K, 0% used [0x00000000d5580000,0x00000000d5580000,0x00000000d5800000)
  from space 512K, 96% used [0x00000000d5b00000,0x00000000d5b7c010,0x00000000d5b80000)
  to   space 1024K, 0% used [0x00000000d5980000,0x00000000d5980000,0x00000000d5a80000)
 ParOldGen       total 319488K, used 319231K [0x0000000080000000, 0x0000000093800000, 0x00000000d5580000)
  object space 319488K, 99% used [0x0000000080000000,0x00000000937bfd18,0x0000000093800000)
 Metaspace       used 72192K, committed 73792K, reserved 1114112K
  class space    used 7669K, committed 8384K, reserved 1048576K
}

